=== Vex Project Setup ===

1. Checking Go installation...
go version go1.23.4 linux/amd64

2. Installing dependencies...

3. Building vex binary...

4. Running basic tests...
vex version dev
  commit: unknown
  built:  unknown

5. Testing subcommands...
   - help: OK

6. Verifying package structure...
   - go.mod: OK
   - cmd/vex/: OK
   - pkg/api/: OK
   - pkg/objectstore/: OK
   - internal/config/: OK

7. Starting vex server for smoke test...
Connected to object store: filesystem at http://localhost:9000
Starting vex server on :8080

8. Testing HTTP endpoints...
{"time":"2025-12-29T18:38:48.624270845Z","level":"INFO","msg":"request completed","request_id":"b7067104-b0a9-48ba-883d-b62211eb404c","endpoint":"GET /health","cache_temperature":"cold","server_total_ms":0.124,"status":200,"method":"GET","path":"/health"}
   - GET /health: OK
{"time":"2025-12-29T18:38:48.643211524Z","level":"INFO","msg":"request completed","request_id":"97362438-49d1-4fa5-85b7-062aa56a3a93","endpoint":"GET /v1/namespaces","cache_temperature":"cold","server_total_ms":0.186,"status":200,"method":"GET","path":"/v1/namespaces"}
   - GET /v1/namespaces: OK

9. Stopping vex server...

Shutting down...
Server stopped

10. Running go tests...
?   	github.com/vexsearch/vex/cmd/vex/indexer	[no test files]
?   	github.com/vexsearch/vex/cmd/vex/query	[no test files]
?   	github.com/vexsearch/vex/cmd/vex/serve	[no test files]
?   	github.com/vexsearch/vex/cmd/vex/version	[no test files]
=== RUN   TestSubcommands
=== RUN   TestSubcommands/help_shows_usage
=== RUN   TestSubcommands/version_prints_version_info
=== RUN   TestSubcommands/no_args_shows_usage_and_exits_1
=== RUN   TestSubcommands/unknown_command_exits_1
--- PASS: TestSubcommands (0.19s)
    --- PASS: TestSubcommands/help_shows_usage (0.08s)
    --- PASS: TestSubcommands/version_prints_version_info (0.04s)
    --- PASS: TestSubcommands/no_args_shows_usage_and_exits_1 (0.04s)
    --- PASS: TestSubcommands/unknown_command_exits_1 (0.03s)
=== RUN   TestServeMode
--- PASS: TestServeMode (2.03s)
=== RUN   TestQueryMode
--- PASS: TestQueryMode (2.03s)
=== RUN   TestConfigLoading
--- PASS: TestConfigLoading (2.02s)
PASS
ok  	github.com/vexsearch/vex/cmd/vex	6.327s
=== RUN   TestNewDiskCache
--- PASS: TestNewDiskCache (0.00s)
=== RUN   TestDiskCache_PutGet
--- PASS: TestDiskCache_PutGet (0.00s)
=== RUN   TestDiskCache_ContentAddressable
--- PASS: TestDiskCache_ContentAddressable (0.00s)
=== RUN   TestDiskCache_Miss
--- PASS: TestDiskCache_Miss (0.00s)
=== RUN   TestDiskCache_LRUEviction
--- PASS: TestDiskCache_LRUEviction (0.00s)
=== RUN   TestDiskCache_LRUAccessTimeUpdate
--- PASS: TestDiskCache_LRUAccessTimeUpdate (0.00s)
=== RUN   TestDiskCache_Pin
--- PASS: TestDiskCache_Pin (0.00s)
=== RUN   TestDiskCache_Delete
--- PASS: TestDiskCache_Delete (0.00s)
=== RUN   TestDiskCache_Clear
--- PASS: TestDiskCache_Clear (0.00s)
=== RUN   TestDiskCache_LoadExisting
--- PASS: TestDiskCache_LoadExisting (0.00s)
=== RUN   TestDiskCache_DefaultBudgetPct
--- PASS: TestDiskCache_DefaultBudgetPct (0.00s)
=== RUN   TestDiskCache_GetReader
--- PASS: TestDiskCache_GetReader (0.00s)
=== RUN   TestDiskCache_Put_WithReader
--- PASS: TestDiskCache_Put_WithReader (0.00s)
=== RUN   TestDiskCache_Contains
--- PASS: TestDiskCache_Contains (0.00s)

=== All checks passed! ===

Vex project is ready for development.
  - Run './vex serve' to start the server
  - Run './scripts/setup-garage.sh' to start local Garage (S3) for integration tests
